makoto@T3400:~/work/webapp-heroku/logiku 111G [12168] 09:24 0s :)
$ git push heroku master
Counting objects: 994, done.
Delta compression using up to 2 threads.
Compressing objects: 100% (965/965), done.
Writing objects: 100% (994/994), 2.91 MiB | 202.00 KiB/s, done.
Total 994 (delta 483), reused 0 (delta 0)
remote: Git submodules detected, installing:
remote: Submodule 'prolog-fd' (http://aki23b.ddns.net/git/prolog-fd.git) registered for path 'prolog-fd'
remote: Cloning into 'prolog-fd'...
remote: Submodule path 'prolog-fd': checked out '93a20a3ba1fa20e6246a0cf45aa81e51076b7dc2'
remote:
remote: Compressing source files... done.
remote: Building source:
remote:
remote: -----> Fetching set buildpack https://github.com/begriffs/heroku-buildpack-ghc.git... done
remote: -----> Haskell app detected
remote: -----> Exporting config vars
remote: cat: /tmp/d20160224-160-yz5tll/PATH: No such file or directory
remote: -----> Linking libncurses.so in an accessible place
remote: -----> Installing prebuilt libffi-3.0.13 into cache
remote: ######################################################################## 100.0%
remote: -----> Restoring libffi files from cache
remote: -----> Installing prebuilt libpcre-8.35 into cache
remote: ######################################################################## 100.0%
remote: -----> Restoring libpcre files from cache
remote: -----> Installing prebuilt libgmp-6.0.0a into cache
remote: ######################################################################## 100.0%
remote: -----> Restoring libgmp files from cache
remote: -----> Installing prebuilt GHC 7.8.3
remote: ######################################################################## 100.0%
remote: -----> Caching GHC 7.8.3 binaries
remote: -----> Downloading and caching prebuilt happy binaries and shared data
remote: ######################################################################## 100.0%
remote: -----> Installing happy
remote: -----> Downloading and caching prebuilt alex binaries and shared data
remote: ######################################################################## 100.0%
remote: -----> Installing alex
remote: -----> Downloading and caching prebuilt cpphs binaries and shared data
remote: ######################################################################## 100.0%
remote: -----> Installing cpphs
remote: -----> Installing prebuilt cabal-install 1.20.0.2
remote: ######################################################################## 100.0%
remote: -----> Caching cabal 1.20.0.2 binaries
remote: Config file path source is default config file.
remote: Config file /app/.cabal/config not found.
remote: Writing default configuration to /app/.cabal/config
remote: Writing a default package environment file to /app/cabal.sandbox.config
remote: Creating a new sandbox at /app/.cabal-sandbox
remote: Writing a default package environment file to
remote: /tmp/build_0b1b2563fdf2778442a9e1c42c88b0e3/cabal.sandbox.config
remote: Using an existing sandbox located at /app/.cabal-sandbox
remote: -----> Getting newest list of cabal packages
remote: Downloading the latest package list from hackage.haskell.org
remote: Note: there is a new version of cabal-install available.
remote: To upgrade, run: cabal install cabal-install
remote: -----> Installing user application
remote: Resolving dependencies...
remote: Configuring logiku-0.0.0...
remote: cabal: At least the following dependencies are missing:
remote: aeson >=0.6 && <0.11,
remote: blaze-markup -any,
remote: case-insensitive -any,
remote: classy-prelude >=0.10.2,
remote: classy-prelude-conduit >=0.10.2,
remote: classy-prelude-yesod >=0.10.2,
remote: conduit >=1.0 && <2.0,
remote: data-default -any,
remote: exceptions -any,
remote: fast-logger >=2.2 && <2.5,
remote: file-embed -any,
remote: hjsmin ==0.1.*,
remote: http-conduit ==2.1.*,
remote: list-extras -any,
remote: logict -any,
remote: monad-control >=0.3 && <1.1,
remote: monad-logger ==0.3.*,
remote: mono-traversable -any,
remote: mtl >=2.1.3.1,
remote: parsec >=3.1.1,
remote: persistent >=2.0 && <2.3,
remote: persistent-postgresql >=2.1.1 && <2.3,
remote: persistent-template >=2.0 && <2.3,
remote: safe -any,
remote: shakespeare ==2.0.*,
remote: syb >=0.3,
remote: text >=0.11 && <2.0,
remote: th-lift >=0.5.3,
remote: unordered-containers -any,
remote: vector -any,
remote: wai -any,
remote: wai-extra ==3.0.*,
remote: wai-logger ==2.2.*,
remote: warp >=3.0 && <3.3,
remote: warp-tls -any,
remote: yaml ==0.8.*,
remote: yesod >=1.4.1 && <1.5,
remote: yesod-auth >=1.4.0 && <1.5,
remote: yesod-core >=1.4.17 && <1.5,
remote: yesod-form >=1.4.0 && <1.5,
remote: yesod-static >=1.4.0.3 && <1.6
remote: Resolving dependencies...
remote: Notice: installing into a sandbox located at /app/.cabal-sandbox
remote: Downloading ansi-terminal-0.6.2.3...
remote: Downloading appar-0.1.4...
remote: Configuring appar-0.1.4...
remote: Downloading auto-update-0.1.3...
remote: Configuring ansi-terminal-0.6.2.3...
remote: Downloading base-orphans-0.5.1...
remote: Downloading base16-bytestring-0.1.1.6...
remote: Downloading base64-bytestring-1.0.0.1...
remote: Downloading byteable-0.1.1...
remote: Downloading byteorder-1.0.4...
remote: Downloading bytestring-builder-0.10.6.0.0...
remote: Downloading cereal-0.5.1.0...
remote: Downloading data-default-class-0.0.1...
remote: Downloading dlist-0.7.1.2...
remote: Downloading easy-file-0.2.1...
remote: Downloading entropy-0.3.7...
remote: Downloading file-embed-0.0.9.1...
remote: Downloading hex-0.1.2...
remote: Downloading hourglass-0.2.9...
remote: Downloading list-extras-0.4.1.4...
remote: Downloading memory-0.11...
remote: Downloading monad-loops-0.4.3...
remote: Downloading network-2.6.2.1...
remote: Downloading postgresql-libpq-0.9.1.1...
remote: Downloading prelude-extras-0.4.0.3...
remote: Downloading random-1.1...
remote: Downloading safe-0.3.9...
remote: Downloading setenv-0.1.1.3...
remote: Downloading silently-1.2.5...
remote: Downloading split-0.2.3...
remote: Downloading stm-2.4.4.1...
remote: Downloading stringsearch-0.3.6.6...
remote: Downloading syb-0.6...
remote: Downloading tagged-0.8.3...
remote: Downloading text-1.2.2.0...
remote: Downloading th-lift-0.7.6...
remote: Downloading time-locale-compat-0.1.1.1...
remote: Downloading transformers-0.4.3.0...
remote: Downloading unix-compat-0.4.1.4...
remote: Downloading unix-time-0.3.6...
remote: Downloading utf8-string-1.0.1.1...
remote: Downloading word8-0.1.2...
remote: Downloading zlib-0.6.1.1...
remote: Building ansi-terminal-0.6.2.3...
remote: Building appar-0.1.4...
remote: Installed appar-0.1.4
remote: Configuring auto-update-0.1.3...
remote: Building auto-update-0.1.3...
remote: Configuring base-orphans-0.5.1...
remote: Installed ansi-terminal-0.6.2.3
remote: Downloading ansi-wl-pprint-0.6.7.3...
remote: Configuring base16-bytestring-0.1.1.6...
remote: Installed auto-update-0.1.3
remote: Building base-orphans-0.5.1...
remote: Building base16-bytestring-0.1.1.6...
remote: Configuring base64-bytestring-1.0.0.1...
remote: Installed base16-bytestring-0.1.1.6
remote: Building base64-bytestring-1.0.0.1...
remote: Configuring byteorder-1.0.4...
remote: Installed base64-bytestring-1.0.0.1
remote: Building byteorder-1.0.4...
remote: Configuring byteable-0.1.1...
remote: Installed byteorder-1.0.4
remote: Building byteable-0.1.1...
remote: Configuring bytestring-builder-0.10.6.0.0...
remote: Installed base-orphans-0.5.1
remote: Building bytestring-builder-0.10.6.0.0...
remote: Configuring cereal-0.5.1.0...
remote: Installed byteable-0.1.1
remote: Downloading cryptohash-0.11.7...
remote: Configuring data-default-class-0.0.1...
remote: Installed bytestring-builder-0.10.6.0.0
remote: Building cereal-0.5.1.0...
remote: Building data-default-class-0.0.1...
remote: Configuring dlist-0.7.1.2...
remote: Installed data-default-class-0.0.1
remote: Downloading data-default-instances-base-0.0.1...
remote: Downloading data-default-instances-containers-0.0.1...
remote: Downloading data-default-instances-old-locale-0.0.1...
remote: Building dlist-0.7.1.2...
remote: Configuring easy-file-0.2.1...
remote: Installed dlist-0.7.1.2
remote: Downloading data-default-instances-dlist-0.0.1...
remote: Building easy-file-0.2.1...
remote: Configuring entropy-0.3.7...
remote: Installed easy-file-0.2.1
remote: Configuring file-embed-0.0.9.1...
remote: Installed cereal-0.5.1.0
remote: Building entropy-0.3.7...
remote: Building file-embed-0.0.9.1...
remote: Configuring hex-0.1.2...
remote: Installed entropy-0.3.7
remote: Building hex-0.1.2...
remote: Configuring hourglass-0.2.9...
remote: Installed file-embed-0.0.9.1
remote: Building hourglass-0.2.9...
remote: Configuring list-extras-0.4.1.4...
remote: Installed hex-0.1.2
remote: Building list-extras-0.4.1.4...
remote: Configuring monad-loops-0.4.3...
remote: Installed list-extras-0.4.1.4
remote: Building monad-loops-0.4.3...
remote: Configuring memory-0.11...
remote: Installed monad-loops-0.4.3
remote: Building memory-0.11...
remote: Configuring network-2.6.2.1...
remote: Installed hourglass-0.2.9
remote: Configuring postgresql-libpq-0.9.1.1...
remote: Installed memory-0.11
remote: Downloading asn1-types-0.3.2...
remote: Downloading cryptonite-0.13...
remote: Downloading securemem-0.1.9...
remote: Building postgresql-libpq-0.9.1.1...
remote: Building network-2.6.2.1...
remote: Configuring random-1.1...
remote: Installed postgresql-libpq-0.9.1.1
remote: Building random-1.1...
remote: Configuring prelude-extras-0.4.0.3...
remote: Installed network-2.6.2.1
remote: Downloading iproute-1.7.0...
remote: Downloading simple-sendfile-0.2.21...
remote: Downloading socks-0.5.4...
remote: Building prelude-extras-0.4.0.3...
remote: Configuring safe-0.3.9...
remote: Installed random-1.1
remote: Building safe-0.3.9...
remote: Configuring setenv-0.1.1.3...
remote: Installed prelude-extras-0.4.0.3
remote: Configuring silently-1.2.5...
remote: Installed safe-0.3.9
remote: Building setenv-0.1.1.3...
remote: Building silently-1.2.5...
remote: Configuring split-0.2.3...
remote: Installed setenv-0.1.1.3
remote: Building split-0.2.3...
remote: Configuring stm-2.4.4.1...
remote: Installed silently-1.2.5
remote: Building stm-2.4.4.1...
remote: Configuring stringsearch-0.3.6.6...
remote: Installed split-0.2.3
remote: Building stringsearch-0.3.6.6...
remote: Configuring syb-0.6...
remote: Installed stm-2.4.4.1
remote: Downloading async-2.1.0...
remote: Downloading stm-chans-3.0.0.4...
remote: Building syb-0.6...
remote: Configuring tagged-0.8.3...
remote: Installed syb-0.6
remote: Building tagged-0.8.3...
remote: Configuring text-1.2.2.0...
remote: Installed tagged-0.8.3
remote: Configuring th-lift-0.7.6...
remote: Installed stringsearch-0.3.6.6
remote: Building text-1.2.2.0...
remote: Building th-lift-0.7.6...
remote: Configuring time-locale-compat-0.1.1.1...
remote: Installed th-lift-0.7.6
remote: Building time-locale-compat-0.1.1.1...
remote: Configuring unix-compat-0.4.1.4...
remote: Installed time-locale-compat-0.1.1.1
remote: Building unix-compat-0.4.1.4...
remote: Configuring transformers-0.4.3.0...
remote: Installed unix-compat-0.4.1.4
remote: Building transformers-0.4.3.0...
remote: Configuring unix-time-0.3.6...
remote: Installed transformers-0.4.3.0
remote: Downloading StateVar-1.1.0.3...
remote: Downloading cmdargs-0.10.14...
remote: Downloading crypto-api-0.13.2...
remote: Downloading mtl-2.2.1...
remote: Downloading primitive-0.6.1.0...
remote: Downloading transformers-compat-0.5.1.4...
remote: Building unix-time-0.3.6...
remote: Configuring utf8-string-1.0.1.1...
remote: Installed unix-time-0.3.6
remote: Building utf8-string-1.0.1.1...
remote: Configuring word8-0.1.2...
remote: Installed utf8-string-1.0.1.1
remote: Building word8-0.1.2...
remote: Configuring zlib-0.6.1.1...
remote: Installed word8-0.1.2
remote: Building zlib-0.6.1.1...
remote: Installed zlib-0.6.1.1
remote: Configuring ansi-wl-pprint-0.6.7.3...
remote: Building ansi-wl-pprint-0.6.7.3...
remote: Configuring cryptohash-0.11.7...
remote: Installed ansi-wl-pprint-0.6.7.3
remote: Building cryptohash-0.11.7...
remote: Configuring data-default-instances-base-0.0.1...
remote: Installed cryptohash-0.11.7
remote: Building data-default-instances-base-0.0.1...
remote: Configuring data-default-instances-containers-0.0.1...
remote: Installed data-default-instances-base-0.0.1
remote: Building data-default-instances-containers-0.0.1...
remote: Configuring data-default-instances-old-locale-0.0.1...
remote: Installed data-default-instances-containers-0.0.1
remote: Building data-default-instances-old-locale-0.0.1...
remote: Configuring data-default-instances-dlist-0.0.1...
remote: Installed data-default-instances-old-locale-0.0.1
remote: Building data-default-instances-dlist-0.0.1...
remote: Configuring asn1-types-0.3.2...
remote: Installed data-default-instances-dlist-0.0.1
remote: Downloading data-default-0.5.3...
remote: Building asn1-types-0.3.2...
remote: Configuring cryptonite-0.13...
remote: Installed text-1.2.2.0
remote: Downloading blaze-builder-0.4.0.1...
remote: Downloading fast-logger-2.4.1...
remote: Downloading hashable-1.2.4.0...
remote: Downloading http-api-data-0.2.2...
remote: Downloading mime-types-0.1.0.6...
remote: Downloading path-pieces-0.2.1...
remote: Downloading system-filepath-0.4.13.4...
remote: Downloading tagsoup-0.13.8...
remote: Downloading xml-types-0.3.6...
remote: Building cryptonite-0.13...
remote: Configuring securemem-0.1.9...
remote: Installed asn1-types-0.3.2
remote: Downloading asn1-encoding-0.9.3...
remote: Building securemem-0.1.9...
remote: Configuring iproute-1.7.0...
remote: Installed securemem-0.1.9
remote: Downloading crypto-cipher-types-0.0.9...
remote: Building iproute-1.7.0...
remote: Configuring simple-sendfile-0.2.21...
remote: Installed iproute-1.7.0
remote: Building simple-sendfile-0.2.21...
remote: Configuring socks-0.5.4...
remote: Installed simple-sendfile-0.2.21
remote: Building socks-0.5.4...
remote: Configuring async-2.1.0...
remote: Installed socks-0.5.4
remote: Building async-2.1.0...
remote: Configuring stm-chans-3.0.0.4...
remote: Installed async-2.1.0
remote: Building stm-chans-3.0.0.4...
remote: Configuring StateVar-1.1.0.3...
remote: Installed stm-chans-3.0.0.4
remote: Building StateVar-1.1.0.3...
remote: Configuring cmdargs-0.10.14...
remote: Installed StateVar-1.1.0.3
remote: Building cmdargs-0.10.14...
remote: Configuring crypto-api-0.13.2...
remote: Installed cryptonite-0.13
remote: Building crypto-api-0.13.2...
remote: Configuring mtl-2.2.1...
remote: Installed cmdargs-0.10.14
remote: Building mtl-2.2.1...
remote: Configuring primitive-0.6.1.0...
remote: Installed mtl-2.2.1
remote: Downloading logict-0.6.0.2...
remote: Downloading parsec-3.1.9...
remote: Downloading pem-0.2.2...
remote: Configuring transformers-compat-0.5.1.4...
remote: Installed crypto-api-0.13.2
remote: Downloading skein-1.0.9.4...
remote: Building primitive-0.6.1.0...
remote: Building transformers-compat-0.5.1.4...
remote: Installed transformers-compat-0.5.1.4
remote: Downloading distributive-0.5.0.2...
remote: Downloading exceptions-0.8.2.1...
remote: Configuring data-default-0.5.3...
remote: Downloading mmorph-1.0.6...
remote: Downloading optparse-applicative-0.12.1.0...
remote: Downloading transformers-base-0.4.4...
remote: Configuring fast-logger-2.4.1...
remote: Installed primitive-0.6.1.0
remote: Downloading vector-0.11.0.0...
remote: Building data-default-0.5.3...
remote: Building fast-logger-2.4.1...
remote: Configuring blaze-builder-0.4.0.1...
remote: Installed data-default-0.5.3
remote: Building blaze-builder-0.4.0.1...
remote: Configuring http-api-data-0.2.2...
remote: Installed fast-logger-2.4.1
remote: Building http-api-data-0.2.2...
remote: Configuring hashable-1.2.4.0...
remote: Installed blaze-builder-0.4.0.1
remote: Downloading blaze-markup-0.7.0.3...
remote: Downloading cookie-0.4.1.6...
remote: Downloading language-javascript-0.5.14.2...
remote: Downloading mime-mail-0.4.11...
remote: Downloading streaming-commons-0.1.15.1...
remote: Building hashable-1.2.4.0...
remote: Configuring mime-types-0.1.0.6...
remote: Installed hashable-1.2.4.0
remote: Downloading case-insensitive-1.2.0.5...
remote: Downloading nats-1.1...
remote: Downloading psqueues-0.2.2.0...
remote: Downloading unordered-containers-0.2.7.0...
remote: Downloading uuid-types-1.0.2...
remote: Building mime-types-0.1.0.6...
remote: Configuring path-pieces-0.2.1...
remote: Installed http-api-data-0.2.2
remote: Building path-pieces-0.2.1...
remote: Configuring tagsoup-0.13.8...
remote: Installed path-pieces-0.2.1
remote: Building tagsoup-0.13.8...
remote: Configuring xml-types-0.3.6...
remote: Installed mime-types-0.1.0.6
remote: Building xml-types-0.3.6...
remote: Configuring system-filepath-0.4.13.4...
remote: Installed xml-types-0.3.6
remote: Building system-filepath-0.4.13.4...
remote: Configuring asn1-encoding-0.9.3...
remote: Installed tagsoup-0.13.8
remote: Building asn1-encoding-0.9.3...
remote: Configuring crypto-cipher-types-0.0.9...
remote: Installed asn1-encoding-0.9.3
remote: Downloading asn1-parse-0.9.4...
remote: Building crypto-cipher-types-0.0.9...
remote: Configuring logict-0.6.0.2...
remote: Installed system-filepath-0.4.13.4
remote: Downloading ReadArgs-1.2.2...
remote: Building logict-0.6.0.2...
remote: Configuring parsec-3.1.9...
remote: Installed crypto-cipher-types-0.0.9
remote: Downloading cipher-aes-0.2.11...
remote: Building parsec-3.1.9...
remote: Configuring pem-0.2.2...
remote: Installed logict-0.6.0.2
remote: Building pem-0.2.2...
remote: Configuring skein-1.0.9.4...
remote: Installed pem-0.2.2
remote: Building skein-1.0.9.4...
remote: Installed skein-1.0.9.4
remote: Configuring distributive-0.5.0.2...
remote: Configuring exceptions-0.8.2.1...
remote: Installed parsec-3.1.9
remote: Downloading network-uri-2.6.0.3...
remote: Building exceptions-0.8.2.1...
remote: Building distributive-0.5.0.2...
remote: Configuring mmorph-1.0.6...
remote: Installed exceptions-0.8.2.1
remote: Configuring optparse-applicative-0.12.1.0...
remote: Installed distributive-0.5.0.2
remote: Building mmorph-1.0.6...
remote: Building optparse-applicative-0.12.1.0...
remote: Configuring transformers-base-0.4.4...
remote: Installed mmorph-1.0.6
remote: Building transformers-base-0.4.4...
remote: Configuring vector-0.11.0.0...
remote: Installed transformers-base-0.4.4
remote: Downloading monad-control-1.0.0.5...
remote: Building vector-0.11.0.0...
remote: Configuring cookie-0.4.1.6...
remote: Installed optparse-applicative-0.12.1.0
remote: Building cookie-0.4.1.6...
remote: Configuring blaze-markup-0.7.0.3...
remote: Installed cookie-0.4.1.6
remote: Building blaze-markup-0.7.0.3...
remote: Configuring mime-mail-0.4.11...
remote: Installed blaze-markup-0.7.0.3
remote: Downloading blaze-html-0.8.1.1...
remote: Building mime-mail-0.4.11...
remote: Configuring language-javascript-0.5.14.2...
remote: Installed mime-mail-0.4.11
remote: Building language-javascript-0.5.14.2...
remote: Configuring streaming-commons-0.1.15.1...
remote: Installed language-javascript-0.5.14.2
remote: Downloading hjsmin-0.1.5.3...
remote: Building streaming-commons-0.1.15.1...
remote: Configuring nats-1.1...
remote: Installed streaming-commons-0.1.15.1
remote: Building nats-1.1...
remote: Configuring case-insensitive-1.2.0.5...
remote: Installed nats-1.1
remote: Building case-insensitive-1.2.0.5...
remote: Configuring unordered-containers-0.2.7.0...
remote: Installed case-insensitive-1.2.0.5
remote: Downloading http-types-0.9...
remote: Building unordered-containers-0.2.7.0...
remote: Configuring uuid-types-1.0.2...
remote: Installed vector-0.11.0.0
remote: Downloading crypto-random-0.0.9...
remote: Downloading mwc-random-0.13.4.0...
remote: Downloading scientific-0.3.4.4...
remote: Configuring psqueues-0.2.2.0...
remote: Installed unordered-containers-0.2.7.0
remote: Downloading semigroups-0.18.1...
remote: Downloading vault-0.3.0.6...
remote: Building uuid-types-1.0.2...
remote: Building psqueues-0.2.2.0...
remote: Configuring asn1-parse-0.9.4...
remote: Installed uuid-types-1.0.2
remote: Building asn1-parse-0.9.4...
remote: Configuring ReadArgs-1.2.2...
remote: Installed asn1-parse-0.9.4
remote: Downloading x509-1.6.3...
remote: Building ReadArgs-1.2.2...
remote: Configuring cipher-aes-0.2.11...
remote: Installed psqueues-0.2.2.0
remote: Building cipher-aes-0.2.11...
remote: Installed ReadArgs-1.2.2
remote: Configuring network-uri-2.6.0.3...
remote: Configuring monad-control-1.0.0.5...
remote: Installed cipher-aes-0.2.11
remote: Building network-uri-2.6.0.3...
remote: Building monad-control-1.0.0.5...
remote: Configuring blaze-html-0.8.1.1...
remote: Installed monad-control-1.0.0.5
remote: Downloading lifted-base-0.2.3.6...
remote: Downloading resource-pool-0.2.3.2...
remote: Building blaze-html-0.8.1.1...
remote: Configuring hjsmin-0.1.5.3...
remote: Installed network-uri-2.6.0.3
remote: Building hjsmin-0.1.5.3...
remote: Configuring http-types-0.9...
remote: Installed blaze-html-0.8.1.1
remote: Building http-types-0.9...
remote: Configuring crypto-random-0.0.9...
remote: Installed hjsmin-0.1.5.3
remote: Building crypto-random-0.0.9...
remote: Configuring mwc-random-0.13.4.0...
remote: Installed crypto-random-0.0.9
remote: Downloading cprng-aes-0.6.1...
remote: Configuring scientific-0.3.4.4...
remote: Installed http-types-0.9
remote: Downloading http-client-0.4.27...
remote: Building mwc-random-0.13.4.0...
remote: Building scientific-0.3.4.4...
remote: Configuring semigroups-0.18.1...
remote: Installed scientific-0.3.4.4
remote: Downloading attoparsec-0.13.0.1...
remote: Building semigroups-0.18.1...
remote: Configuring vault-0.3.0.6...
remote: Installed semigroups-0.18.1
remote: Downloading dlist-instances-0.1...
remote: Downloading void-0.7.1...
remote: Building vault-0.3.0.6...
remote: Configuring x509-1.6.3...
remote: Installed vault-0.3.0.6
remote: Downloading wai-3.2.0...
remote: Building x509-1.6.3...
remote: Installed mwc-random-0.13.4.0
remote: Downloading vector-algorithms-0.7.0.1...
remote: Configuring lifted-base-0.2.3.6...
remote: Building lifted-base-0.2.3.6...
remote: Configuring resource-pool-0.2.3.2...
remote: Installed lifted-base-0.2.3.6
remote: Downloading basic-prelude-0.5.0...
remote: Downloading enclosed-exceptions-1.0.1.1...
remote: Downloading resourcet-1.1.7.2...
remote: Building resource-pool-0.2.3.2...
remote: Configuring cprng-aes-0.6.1...
remote: Installed x509-1.6.3
remote: Downloading x509-store-1.6.1...
remote: Building cprng-aes-0.6.1...
remote: Configuring http-client-0.4.27...
remote: Installed resource-pool-0.2.3.2
remote: Building http-client-0.4.27...
remote: Configuring attoparsec-0.13.0.1...
remote: Installed cprng-aes-0.6.1
remote: Downloading clientsession-0.9.1.1...
remote: Downloading nonce-1.0.2...
remote: Building attoparsec-0.13.0.1...
remote: Configuring void-0.7.1...
remote: Installed http-client-0.4.27
remote: Building void-0.7.1...
remote: Configuring dlist-instances-0.1...
remote: Installed void-0.7.1
remote: Downloading contravariant-1.4...
remote: Building dlist-instances-0.1...
remote: Configuring wai-3.2.0...
remote: Installed dlist-instances-0.1
remote: Building wai-3.2.0...
remote: Installed wai-3.2.0
remote: Downloading wai-logger-2.2.5...
remote: Configuring vector-algorithms-0.7.0.1...
remote: Building vector-algorithms-0.7.0.1...
remote: Configuring basic-prelude-0.5.0...
remote: Installed attoparsec-0.13.0.1
remote: Downloading aeson-0.9.0.1...
remote: Downloading css-text-0.1.2.1...
remote: Downloading email-validate-2.2.0...
remote: Downloading http-date-0.0.6.1...
remote: Building basic-prelude-0.5.0...
remote: Configuring enclosed-exceptions-1.0.1.1...
remote: Installed basic-prelude-0.5.0
remote: Building enclosed-exceptions-1.0.1.1...
remote: Configuring resourcet-1.1.7.2...
remote: Installed enclosed-exceptions-1.0.1.1
remote: Building resourcet-1.1.7.2...
remote: Configuring x509-store-1.6.1...
remote: Installed resourcet-1.1.7.2
remote: Downloading conduit-1.2.6.2...
remote: Building x509-store-1.6.1...
remote: Configuring nonce-1.0.2...
remote: Installed x509-store-1.6.1
remote: Downloading x509-system-1.6.3...
remote: Downloading x509-validation-1.6.3...
remote: Building nonce-1.0.2...
remote: Configuring clientsession-0.9.1.1...
remote: Installed nonce-1.0.2
remote: Building clientsession-0.9.1.1...
remote: Configuring contravariant-1.4...
remote: Installed clientsession-0.9.1.1
remote: Building contravariant-1.4...
remote: Installed contravariant-1.4
remote: Downloading comonad-5...
remote: Configuring wai-logger-2.2.5...
remote: Building wai-logger-2.2.5...
remote: Configuring css-text-0.1.2.1...
remote: Installed wai-logger-2.2.5
remote: Building css-text-0.1.2.1...
remote: Configuring aeson-0.9.0.1...
remote: Installed css-text-0.1.2.1
remote: Downloading xss-sanitize-0.3.5.6...
remote: Building aeson-0.9.0.1...
remote: Configuring email-validate-2.2.0...
remote: Installed vector-algorithms-0.7.0.1
remote: Building email-validate-2.2.0...
remote: Configuring http-date-0.0.6.1...
remote: Installed email-validate-2.2.0
remote: Building http-date-0.0.6.1...
remote: Configuring conduit-1.2.6.2...
remote: Installed http-date-0.0.6.1
remote: Building conduit-1.2.6.2...
remote: Configuring x509-system-1.6.3...
remote: Installed aeson-0.9.0.1
remote: Downloading aeson-compat-0.3.1.0...
remote: Downloading aeson-pretty-0.7.2...
remote: Downloading postgresql-simple-0.5.1.2...
remote: Downloading shakespeare-2.0.7...
remote: Downloading wai-extra-3.0.14...
remote: Building x509-system-1.6.3...
remote: Configuring x509-validation-1.6.3...
remote: Installed conduit-1.2.6.2
remote: Downloading conduit-extra-1.1.10.1...
remote: Downloading yaml-0.8.16...
remote: Building x509-validation-1.6.3...
remote: Installed x509-system-1.6.3
remote: Configuring comonad-5...
remote: Configuring xss-sanitize-0.3.5.6...
remote: Installed x509-validation-1.6.3
remote: Downloading tls-1.3.4...
remote: Building comonad-5...
remote: Building xss-sanitize-0.3.5.6...
remote: Configuring aeson-compat-0.3.1.0...
remote: Installed comonad-5
remote: Downloading bifunctors-5.2.1...
remote: Configuring postgresql-simple-0.5.1.2...
remote: Installed xss-sanitize-0.3.5.6
remote: Building aeson-compat-0.3.1.0...
remote: Building postgresql-simple-0.5.1.2...
remote: Configuring shakespeare-2.0.7...
remote: Installed aeson-compat-0.3.1.0
remote: Building shakespeare-2.0.7...
remote: Configuring aeson-pretty-0.7.2...
remote: Installed postgresql-simple-0.5.1.2
remote: Building aeson-pretty-0.7.2...
remote: Configuring wai-extra-3.0.14...
remote: Installed aeson-pretty-0.7.2
remote: Downloading http2-1.5.0...
remote: Building wai-extra-3.0.14...
remote: Configuring conduit-extra-1.1.10.1...
remote: Installed shakespeare-2.0.7
remote: Building conduit-extra-1.1.10.1...
remote: Configuring yaml-0.8.16...
remote: Installed wai-extra-3.0.14
remote: Building yaml-0.8.16...
remote: Installed conduit-extra-1.1.10.1
remote: Downloading cryptohash-conduit-0.1.1...
remote: Downloading monad-logger-0.3.18...
remote: Downloading xml-conduit-1.3.3.1...
remote: Configuring tls-1.3.4...
remote: Building tls-1.3.4...
remote: Configuring bifunctors-5.2.1...
remote: Installed yaml-0.8.16
remote: Building bifunctors-5.2.1...
remote: Installed tls-1.3.4
remote: Configuring http2-1.5.0...
remote: Downloading connection-0.2.5...
remote: Building http2-1.5.0...
remote: Configuring cryptohash-conduit-0.1.1...
remote: Installed bifunctors-5.2.1
remote: Downloading profunctors-5.2...
remote: Downloading semigroupoids-5.0.1...
remote: Building cryptohash-conduit-0.1.1...
remote: Configuring monad-logger-0.3.18...
remote: Installed cryptohash-conduit-0.1.1
remote: Building monad-logger-0.3.18...
remote: Configuring xml-conduit-1.3.3.1...
remote: Installed http2-1.5.0
remote: Downloading warp-3.2.3...
remote: Building xml-conduit-1.3.3.1...
remote: Installed monad-logger-0.3.18
remote: Downloading persistent-2.2.4...
remote: Configuring connection-0.2.5...
remote: Building connection-0.2.5...
remote: Configuring profunctors-5.2...
remote: Installed connection-0.2.5
remote: Downloading http-client-tls-0.2.2...
remote: Building profunctors-5.2...
remote: Configuring semigroupoids-5.0.1...
remote: Installed profunctors-5.2
remote: Configuring warp-3.2.3...
remote: Installed xml-conduit-1.3.3.1
remote: Downloading tagstream-conduit-0.5.5.3...
remote: Building warp-3.2.3...
remote: Building semigroupoids-5.0.1...
remote: Installed semigroupoids-5.0.1
remote: Downloading free-4.12.4...
remote: Configuring http-client-tls-0.2.2...
remote: Building http-client-tls-0.2.2...
remote: Configuring persistent-2.2.4...
remote: Installed warp-3.2.3
remote: Downloading wai-app-static-3.1.4.1...
remote: Downloading warp-tls-3.2.0...
remote: Downloading yesod-core-1.4.19...
remote: Building persistent-2.2.4...
remote: Configuring tagstream-conduit-0.5.5.3...
remote: Installed http-client-tls-0.2.2
remote: Downloading http-conduit-2.1.8...
remote: Building tagstream-conduit-0.5.5.3...
remote: Installed tagstream-conduit-0.5.5.3
remote: Configuring free-4.12.4...
remote: Building free-4.12.4...
remote: Configuring warp-tls-3.2.0...
remote: Installed free-4.12.4
remote: Downloading adjunctions-4.3...
remote: Downloading keys-3.11...
remote: Building warp-tls-3.2.0...
remote: Configuring yesod-core-1.4.19...
remote: Installed warp-tls-3.2.0
remote: Building yesod-core-1.4.19...
remote: Configuring wai-app-static-3.1.4.1...
remote: Installed persistent-2.2.4
remote: Downloading persistent-postgresql-2.2.2...
remote: Downloading persistent-template-2.1.5...
remote: Building wai-app-static-3.1.4.1...
remote: Configuring http-conduit-2.1.8...
remote: Installed wai-app-static-3.1.4.1
remote: Building http-conduit-2.1.8...
remote: Installed http-conduit-2.1.8
remote: Downloading authenticate-1.3.3...
remote: Configuring adjunctions-4.3...
remote: Building adjunctions-4.3...
remote: Configuring keys-3.11...
remote: Installed adjunctions-4.3
remote: Downloading kan-extensions-5.0.1...
remote: Building keys-3.11...
remote: Configuring persistent-postgresql-2.2.2...
remote: Installed yesod-core-1.4.19
remote: Downloading yesod-newsfeed-1.6...
remote: Downloading yesod-static-1.5.0.3...
remote: Building persistent-postgresql-2.2.2...
remote: Configuring persistent-template-2.1.5...
remote: Installed keys-3.11
remote: Building persistent-template-2.1.5...
remote: Installed persistent-postgresql-2.2.2
remote: Configuring authenticate-1.3.3...
remote: Building authenticate-1.3.3...
remote: Configuring kan-extensions-5.0.1...
remote: Installed authenticate-1.3.3
remote: Building kan-extensions-5.0.1...
remote: Configuring yesod-newsfeed-1.6...
remote: Installed persistent-template-2.1.5
remote: Downloading yesod-persistent-1.4.0.3...
remote: Building yesod-newsfeed-1.6...
remote: Configuring yesod-static-1.5.0.3...
remote: Installed yesod-newsfeed-1.6
remote: Configuring yesod-persistent-1.4.0.3...
remote: Installed kan-extensions-5.0.1
remote: Downloading pointed-5...
remote: Building yesod-static-1.5.0.3...
remote: Building yesod-persistent-1.4.0.3...
remote: Configuring pointed-5...
remote: Installed yesod-persistent-1.4.0.3
remote: Downloading yesod-form-1.4.6...
remote: Building pointed-5...
remote: Configuring yesod-form-1.4.6...
remote: Installed yesod-static-1.5.0.3
remote: Installed pointed-5
remote: Downloading vector-instances-3.3.1...
remote: Building yesod-form-1.4.6...
remote: Configuring vector-instances-3.3.1...
remote: Building vector-instances-3.3.1...
remote: Installed vector-instances-3.3.1
remote: Downloading mono-traversable-0.10.1.1...
remote: Configuring mono-traversable-0.10.1.1...
remote: Building mono-traversable-0.10.1.1...
remote: Installed yesod-form-1.4.6
remote: Downloading yesod-auth-1.4.12...
remote: Configuring yesod-auth-1.4.12...
remote: Building yesod-auth-1.4.12...
remote: Installed mono-traversable-0.10.1.1
remote: Downloading chunked-data-0.2.0...
remote: Downloading mutable-containers-0.3.2...
remote: Configuring mutable-containers-0.3.2...
remote: Building mutable-containers-0.3.2...
remote: Configuring chunked-data-0.2.0...
remote: Installed mutable-containers-0.3.2
remote: Building chunked-data-0.2.0...
remote: Installed yesod-auth-1.4.12
remote: Downloading yesod-1.4.2...
remote: Configuring yesod-1.4.2...
remote: Building yesod-1.4.2...
remote: Installed chunked-data-0.2.0
remote: Downloading classy-prelude-0.12.5.1...
remote: Downloading conduit-combinators-1.0.3.1...
remote: Configuring conduit-combinators-1.0.3.1...
remote: Building conduit-combinators-1.0.3.1...
remote: Configuring classy-prelude-0.12.5.1...
remote: Installed yesod-1.4.2
remote: Building classy-prelude-0.12.5.1...
remote: Installed classy-prelude-0.12.5.1
remote: Installed conduit-combinators-1.0.3.1
remote: Downloading classy-prelude-conduit-0.12.5...
remote: Configuring classy-prelude-conduit-0.12.5...
remote: Building classy-prelude-conduit-0.12.5...
remote: Installed classy-prelude-conduit-0.12.5
remote: Downloading classy-prelude-yesod-0.12.5...
remote: Configuring classy-prelude-yesod-0.12.5...
remote: Building classy-prelude-yesod-0.12.5...
remote: Installed classy-prelude-yesod-0.12.5
remote: Package has never been configured. Configuring with default flags. If this
remote: fails, please run configure manually.
remote: Resolving dependencies...
remote: Configuring logiku-0.0.0...
remote: Building logiku-0.0.0...
remote: Preprocessing library logiku-0.0.0...
remote: [ 1 of 39] Compiling Data.Functor.Fixedpoint ( prolog-fd/unification-fd-0.10.0.1/src/Data/Functor/Fixedpoint.hs, dist/build/Data/Functor/Fixedpoint.o )
remote: [ 2 of 39] Compiling Control.Unification.Types ( prolog-fd/unification-fd-0.10.0.1/src/Control/Unification/Types.hs, dist/build/Control/Unification/Types.o )
remote: [ 3 of 39] Compiling Control.Unification.STVar ( prolog-fd/unification-fd-0.10.0.1/src/Control/Unification/STVar.hs, dist/build/Control/Unification/STVar.o )
remote: [ 4 of 39] Compiling Control.Unification.Ranked.STVar ( prolog-fd/unification-fd-0.10.0.1/src/Control/Unification/Ranked/STVar.hs, dist/build/Control/Unification/Ranked/STVar.o )
remote: [ 5 of 39] Compiling Control.Unification.IntVar ( prolog-fd/unification-fd-0.10.0.1/src/Control/Unification/IntVar.hs, dist/build/Control/Unification/IntVar.o )
remote:
remote: prolog-fd/unification-fd-0.10.0.1/src/Control/Unification/IntVar.hs:53:1: Warning:
remote:     Defined but not used: ‘fib’
remote: [ 6 of 39] Compiling Control.Unification.Ranked.IntVar ( prolog-fd/unification-fd-0.10.0.1/src/Control/Unification/Ranked/IntVar.hs, dist/build/Control/Unification/Ranked/IntVar.o )
remote: [ 7 of 39] Compiling Control.Monad.CC.CCCxe ( my-CC-delcont-cxe-0.1.0.2/Control/Monad/CC/CCCxe.hs, dist/build/Control/Monad/CC/CCCxe.o )
remote:
remote: my-CC-delcont-cxe-0.1.0.2/Control/Monad/CC/CCCxe.hs:69:1: Warning:
remote:     The import of ‘Control.Monad’ is redundant
remote:       except perhaps to import instances from ‘Control.Monad’
remote:     To import instances alone, use: import Control.Monad()
remote:
remote: my-CC-delcont-cxe-0.1.0.2/Control/Monad/CC/CCCxe.hs:107:25: Warning:
remote:     Defined but not used: ‘kd’
remote:
remote: my-CC-delcont-cxe-0.1.0.2/Control/Monad/CC/CCCxe.hs:114:23: Warning:
remote:     Defined but not used: ‘kd’
remote:
remote: my-CC-delcont-cxe-0.1.0.2/Control/Monad/CC/CCCxe.hs:125:14: Warning:
remote:     This binding for ‘body’ shadows the existing binding
remote:       bound at my-CC-delcont-cxe-0.1.0.2/Control/Monad/CC/CCCxe.hs:124:23
remote:
remote: my-CC-delcont-cxe-0.1.0.2/Control/Monad/CC/CCCxe.hs:126:14: Warning:
remote:     This binding for ‘body’ shadows the existing binding
remote:       bound at my-CC-delcont-cxe-0.1.0.2/Control/Monad/CC/CCCxe.hs:124:23
remote:
remote: my-CC-delcont-cxe-0.1.0.2/Control/Monad/CC/CCCxe.hs:133:13: Warning:
remote:     Defined but not used: ‘p’
remote:
remote: my-CC-delcont-cxe-0.1.0.2/Control/Monad/CC/CCCxe.hs:133:36: Warning:
remote:     Defined but not used: ‘ki’
remote: [ 8 of 39] Compiling Model            ( Model.hs, dist/build/Model.o )
remote: Loading package ghc-prim ... linking ... done.
remote: Loading package integer-gmp ... linking ... done.
remote: Loading package base ... linking ... done.
remote: Loading package array-0.5.0.0 ... linking ... done.
remote: Loading package deepseq-1.3.0.2 ... linking ... done.
remote: Loading package bytestring-0.10.4.0 ... linking ... done.
remote: Loading package byteable-0.1.1 ... linking ... done.
remote: Loading package memory-0.11 ... linking ... done.
remote: Loading package securemem-0.1.9 ... linking ... done.
remote: Loading package crypto-cipher-types-0.0.9 ... linking ... done.
remote: Loading package cipher-aes-0.2.11 ... linking ... done.
remote: Loading package old-locale-1.0.0.6 ... linking ... done.
remote: Loading package time-1.4.2 ... linking ... done.
remote: Loading package unix-2.7.0.1 ... linking ... done.
remote: Loading package transformers-0.4.3.0 ... linking ... done.
remote: Loading package primitive-0.6.1.0 ... linking ... done.
remote: Loading package vector-0.11.0.0 ... linking ... done.
remote: Loading package crypto-random-0.0.9 ... linking ... done.
remote: Loading package cprng-aes-0.6.1 ... linking ... done.
remote: Loading package data-default-class-0.0.1 ... linking ... done.
remote: Loading package network-2.6.2.1 ... linking ... done.
remote: Loading package stm-2.4.4.1 ... linking ... done.
remote: Loading package async-2.1.0 ... linking ... done.
remote: Loading package containers-0.5.5.1 ... linking ... done.
remote: Loading package binary-0.7.1.0 ... linking ... done.
remote: Loading package text-1.2.2.0 ... linking ... done.
remote: Loading package blaze-builder-0.4.0.1 ... linking ... done.
remote: Loading package filepath-1.3.0.2 ... linking ... done.
remote: Loading package directory-1.2.1.0 ... linking ... done.
remote: Loading package process-1.2.0.0 ... linking ... done.
remote: Loading package random-1.1 ... linking ... done.
remote: Loading package zlib-0.6.1.1 ... linking ... done.
remote: Loading package streaming-commons-0.1.15.1 ... linking ... done.
remote: Loading package hourglass-0.2.9 ... linking ... done.
remote: Loading package asn1-types-0.3.2 ... linking ... done.
remote: Loading package asn1-encoding-0.9.3 ... linking ... done.
remote: Loading package cereal-0.5.1.0 ... linking ... done.
remote: Loading package cryptonite-0.13 ... linking ... done.
remote: Loading package mtl-2.2.1 ... linking ... done.
remote: Loading package asn1-parse-0.9.4 ... linking ... done.
remote: Loading package base64-bytestring-1.0.0.1 ... linking ... done.
remote: Loading package pem-0.2.2 ... linking ... done.
remote: Loading package x509-1.6.3 ... linking ... done.
remote: Loading package x509-store-1.6.1 ... linking ... done.
remote: Loading package x509-validation-1.6.3 ... linking ... done.
remote: Loading package tls-1.3.4 ... linking ... done.
remote: Loading package bytestring-builder-0.10.6.0.0 ... linking ... done.
remote: Loading package hashable-1.2.4.0 ... linking ... done.
remote: Loading package case-insensitive-1.2.0.5 ... linking ... done.
remote: Loading package http-types-0.9 ... linking ... done.
remote: Loading package unordered-containers-0.2.7.0 ... linking ... done.
remote: Loading package vault-0.3.0.6 ... linking ... done.
remote: Loading package wai-3.2.0 ... linking ... done.
remote: Loading package auto-update-0.1.3 ... linking ... done.
remote: Loading package scientific-0.3.4.4 ... linking ... done.
remote: Loading package attoparsec-0.13.0.1 ... linking ... done.
remote: Loading package http-date-0.0.6.1 ... linking ... done.
remote: Loading package psqueues-0.2.2.0 ... linking ... done.
remote: Loading package http2-1.5.0 ... linking ... done.
remote: Loading package appar-0.1.4 ... linking ... done.
remote: Loading package byteorder-1.0.4 ... linking ... done.
remote: Loading package iproute-1.7.0 ... linking ... done.
remote: Loading package simple-sendfile-0.2.21 ... linking ... done.
remote: Loading package unix-compat-0.4.1.4 ... linking ... done.
remote: Loading package word8-0.1.2 ... linking ... done.
remote: Loading package warp-3.2.3 ... linking ... done.
remote: Loading package warp-tls-3.2.0 ... linking ... done.
remote: Loading package pretty-1.1.1.1 ... linking ... done.
remote: Loading package template-haskell ... linking ... done.
remote: Loading package th-lift-0.7.6 ... linking ... done.
remote: Loading package dlist-0.7.1.2 ... linking ... done.
remote: Loading package syb-0.6 ... linking ... done.
remote: Loading package aeson-0.9.0.1 ... linking ... done.
remote: Loading package transformers-compat-0.5.1.4 ... linking ... done.
remote: Loading package exceptions-0.8.2.1 ... linking ... done.
remote: Loading package transformers-base-0.4.4 ... linking ... done.
remote: Loading package monad-control-1.0.0.5 ... linking ... done.
remote: Loading package lifted-base-0.2.3.6 ... linking ... done.
remote: Loading package mmorph-1.0.6 ... linking ... done.
remote: Loading package resourcet-1.1.7.2 ... linking ... done.
remote: Loading package nats-1.1 ... linking ... done.
remote: Loading package tagged-0.8.3 ... linking ... done.
remote: Loading package semigroups-0.18.1 ... linking ... done.
remote: Loading package void-0.7.1 ... linking ... done.
remote: Loading package conduit-1.2.6.2 ... linking ... done.
remote: Loading package conduit-extra-1.1.10.1 ... linking ... done.
remote: Loading package fast-logger-2.4.1 ... linking ... done.
remote: Loading package monad-loops-0.4.3 ... linking ... done.
remote: Loading package stm-chans-3.0.0.4 ... linking ... done.
remote: Loading package monad-logger-0.3.18 ... linking ... done.
remote: Loading package blaze-markup-0.7.0.3 ... linking ... done.
remote: Loading package blaze-html-0.8.1.1 ... linking ... done.
remote: Loading package time-locale-compat-0.1.1.1 ... linking ... done.
remote: Loading package http-api-data-0.2.2 ... linking ... done.
remote: Loading package path-pieces-0.2.1 ... linking ... done.
remote: Loading package resource-pool-0.2.3.2 ... linking ... done.
remote: Loading package silently-1.2.5 ... linking ... done.
remote: Loading package persistent-2.2.4 ... linking ... done.
remote: Loading package postgresql-libpq-0.9.1.1 ... linking ... done.
remote: Loading package uuid-types-1.0.2 ... linking ... done.
remote: Loading package postgresql-simple-0.5.1.2 ... linking ... done.
remote: Loading package persistent-postgresql-2.2.2 ... linking ... done.
remote: Loading package logict-0.6.0.2 ... linking ... done.
remote: Loading package list-extras-0.4.1.4 ... linking ... done.
remote: Loading package system-filepath-0.4.13.4 ... linking ... done.
remote: Loading package ReadArgs-1.2.2 ... linking ... done.
remote: Loading package safe-0.3.9 ... linking ... done.
remote: Loading package basic-prelude-0.5.0 ... linking ... done.
remote: Loading package StateVar-1.1.0.3 ... linking ... done.
remote: Loading package contravariant-1.4 ... linking ... done.
remote: Loading package base-orphans-0.5.1 ... linking ... done.
remote: Loading package distributive-0.5.0.2 ... linking ... done.
remote: Loading package comonad-5 ... linking ... done.
remote: Loading package bifunctors-5.2.1 ... linking ... done.
remote: Loading package dlist-instances-0.1 ... linking ... done.
remote: Loading package semigroupoids-5.0.1 ... linking ... done.
remote: Loading package split-0.2.3 ... linking ... done.
remote: Loading package vector-algorithms-0.7.0.1 ... linking ... done.
remote: Loading package prelude-extras-0.4.0.3 ... linking ... done.
remote: Loading package profunctors-5.2 ... linking ... done.
remote: Loading package free-4.12.4 ... linking ... done.
remote: Loading package keys-3.11 ... linking ... done.
remote: Loading package adjunctions-4.3 ... linking ... done.
remote: Loading package kan-extensions-5.0.1 ... linking ... done.
remote: Loading package pointed-5 ... linking ... done.
remote: Loading package vector-instances-3.3.1 ... linking ... done.
remote: Loading package mono-traversable-0.10.1.1 ... linking ... done.
remote: Loading package chunked-data-0.2.0 ... linking ... done.
remote: Loading package enclosed-exceptions-1.0.1.1 ... linking ... done.
remote: Loading package mutable-containers-0.3.2 ... linking ... done.
remote: Loading package classy-prelude-0.12.5.1 ... linking ... done.
remote: Loading package base16-bytestring-0.1.1.6 ... linking ... done.
remote: Loading package mwc-random-0.13.4.0 ... linking ... done.
remote: Loading package conduit-combinators-1.0.3.1 ... linking ... done.
remote: Loading package classy-prelude-conduit-0.12.5 ... linking ... done.
remote: Loading package data-default-instances-base-0.0.1 ... linking ... done.
remote: Loading package data-default-instances-containers-0.0.1 ... linking ... done.
remote: Loading package data-default-instances-dlist-0.0.1 ... linking ... done.
remote: Loading package data-default-instances-old-locale-0.0.1 ... linking ... done.
remote: Loading package data-default-0.5.3 ... linking ... done.
remote: Loading package cookie-0.4.1.6 ... linking ... done.
remote: Loading package mime-types-0.1.0.6 ... linking ... done.
remote: Loading package parsec-3.1.9 ... linking ... done.
remote: Loading package network-uri-2.6.0.3 ... linking ... done.
remote: Loading package http-client-0.4.27 ... linking ... done.
remote: Loading package socks-0.5.4 ... linking ... done.
remote: Loading package x509-system-1.6.3 ... linking ... done.
remote: Loading package connection-0.2.5 ... linking ... done.
remote: Loading package http-client-tls-0.2.2 ... linking ... done.
remote: Loading package http-conduit-2.1.8 ... linking ... done.
remote: Loading package shakespeare-2.0.7 ... linking ... done.
remote: Loading package ansi-terminal-0.6.2.3 ... linking ... done.
remote: Loading package stringsearch-0.3.6.6 ... linking ... done.
remote: Loading package easy-file-0.2.1 ... linking ... done.
remote: Loading package old-time-1.1.0.2 ... linking ... done.
remote: Loading package unix-time-0.3.6 ... linking ... done.
remote: Loading package wai-logger-2.2.5 ... linking ... done.
remote: Loading package wai-extra-3.0.14 ... linking ... done.
remote: Loading package yaml-0.8.16 ... linking ... done.
remote: Loading package xml-types-0.3.6 ... linking ... done.
remote: Loading package xml-conduit-1.3.3.1 ... linking ... done.
remote: Loading package tagstream-conduit-0.5.5.3 ... linking ... done.
remote: Loading package authenticate-1.3.3 ... linking ... done.
remote: Loading package cryptohash-0.11.7 ... linking ... done.
remote: Loading package email-validate-2.2.0 ... linking ... done.
remote: Loading package file-embed-0.0.9.1 ... linking ... done.
remote: Loading package mime-mail-0.4.11 ... linking ... done.
remote: Loading package nonce-1.0.2 ... linking ... done.
remote: Loading package aeson-compat-0.3.1.0 ... linking ... done.
remote: Loading package persistent-template-2.1.5 ... linking ... done.
remote: Loading package entropy-0.3.7 ... linking ... done.
remote: Loading package crypto-api-0.13.2 ... linking ... done.
remote: Loading package setenv-0.1.1.3 ... linking ... done.
remote: Loading package skein-1.0.9.4 ... linking ... done.
remote: Loading package clientsession-0.9.1.1 ... linking ... done.
remote: Loading package yesod-core-1.4.19 ... linking ... done.
remote: Loading package css-text-0.1.2.1 ... linking ... done.
remote: Loading package tagsoup-0.13.8 ... linking ... done.
remote: Loading package utf8-string-1.0.1.1 ... linking ... done.
remote: Loading package xss-sanitize-0.3.5.6 ... linking ... done.
remote: Loading package yesod-persistent-1.4.0.3 ... linking ... done.
remote: Loading package yesod-form-1.4.6 ... linking ... done.
remote: Loading package yesod-auth-1.4.12 ... linking ... done.
remote: Loading package yesod-1.4.2 ... linking ... done.
remote: Loading package yesod-newsfeed-1.6 ... linking ... done.
remote: Loading package cryptohash-conduit-0.1.1 ... linking ... done.
remote: Loading package language-javascript-0.5.14.2 ... linking ... done.
remote: Loading package hjsmin-0.1.5.3 ... linking ... done.
remote: Loading package ansi-wl-pprint-0.6.7.3 ... linking ... done.
remote: Loading package optparse-applicative-0.12.1.0 ... linking ... done.
remote: Loading package wai-app-static-3.1.4.1 ... linking ... done.
remote: Loading package yesod-static-1.5.0.3 ... linking ... done.
remote: Loading package classy-prelude-yesod-0.12.5 ... linking ... done.
remote: [ 9 of 39] Compiling SideMenu         ( app/SideMenu.hs, dist/build/SideMenu.o )
remote:
remote: app/SideMenu.hs:9:1: Warning:
remote:     Top-level binding with no type signature: menuTree :: MenuTree
remote: [10 of 39] Compiling Settings         ( Settings.hs, dist/build/Settings.o )
remote: [11 of 39] Compiling Settings.StaticFiles ( Settings/StaticFiles.hs, dist/build/Settings/StaticFiles.o )
remote: [12 of 39] Compiling Import.NoFoundation ( Import/NoFoundation.hs, dist/build/Import/NoFoundation.o )
remote: [13 of 39] Compiling ContMap          ( app/ContMap.hs, dist/build/ContMap.o )
remote:
remote: app/ContMap.hs:29:1: Warning:
remote:     The import of ‘Yesod’ is redundant
remote:       except perhaps to import instances from ‘Yesod’
remote:     To import instances alone, use: import Yesod()
remote:
remote: app/ContMap.hs:34:1: Warning:
remote:     The import of ‘Data.Map’ is redundant
remote:       except perhaps to import instances from ‘Data.Map’
remote:     To import instances alone, use: import Data.Map()
remote:
remote: app/ContMap.hs:36:1: Warning:
remote:     The import of ‘Data.Text’ is redundant
remote:       except perhaps to import instances from ‘Data.Text’
remote:     To import instances alone, use: import Data.Text()
remote:
remote: app/ContMap.hs:101:23: Warning: Defined but not used: ‘zone’
remote:
remote: app/ContMap.hs:210:23: Warning: Defined but not used: ‘zone’
remote:
remote: app/ContMap.hs:217:23: Warning: Defined but not used: ‘zone’
remote: [14 of 39] Compiling Authentication   ( Authentication.hs, dist/build/Authentication.o )
remote:
remote: Authentication.hs:11:1: Warning:
remote:     The import of ‘Data.Default’ is redundant
remote:       except perhaps to import instances from ‘Data.Default’
remote:     To import instances alone, use: import Data.Default()
remote:
remote: Authentication.hs:12:1: Warning:
remote:     The import of ‘Data.Text’ is redundant
remote:       except perhaps to import instances from ‘Data.Text’
remote:     To import instances alone, use: import Data.Text()
remote:
remote: Authentication.hs:14:1: Warning:
remote:     The import of ‘Network.HTTP.Client.Conduit’ is redundant
remote:       except perhaps to import instances from ‘Network.HTTP.Client.Conduit’
remote:     To import instances alone, use: import Network.HTTP.Client.Conduit()
remote:
remote: Authentication.hs:15:1: Warning:
remote:     The import of ‘Yesod’ is redundant
remote:       except perhaps to import instances from ‘Yesod’
remote:     To import instances alone, use: import Yesod()
remote:
remote: Authentication.hs:16:1: Warning:
remote:     The import of ‘Yesod.Auth’ is redundant
remote:       except perhaps to import instances from ‘Yesod.Auth’
remote:     To import instances alone, use: import Yesod.Auth()
remote:
remote: Authentication.hs:17:1: Warning:
remote:     The import of ‘Yesod.Auth.BrowserId’ is redundant
remote:       except perhaps to import instances from ‘Yesod.Auth.BrowserId’
remote:     To import instances alone, use: import Yesod.Auth.BrowserId()
remote:
remote: Authentication.hs:30:1: Warning:
remote:     Top-level binding with no type signature:
remote:       displayNameString :: forall a. IsString a => a
remote:
remote: Authentication.hs:31:1: Warning:
remote:     Top-level binding with no type signature:
remote:       userIdentString :: forall a. IsString a => a
remote:
remote: Authentication.hs:66:1: Warning:
remote:     Top-level binding with no type signature:
remote:       maybeUserIdent :: forall (m :: * -> *).
remote:                         MonadHandler m =>
remote:                         m (Maybe Text)
remote:
remote: Authentication.hs:72:1: Warning:
remote:     Defined but not used: ‘maybeUserIdentGoogle’
remote: [15 of 39] Compiling Foundation       ( Foundation.hs, dist/build/Foundation.o )
remote:
remote: Foundation.hs:11:1: Warning:
remote:     The import of ‘Yesod.Auth.Message’ is redundant
remote:       except perhaps to import instances from ‘Yesod.Auth.Message’
remote:     To import instances alone, use: import Yesod.Auth.Message()
remote:
remote: Foundation.hs:125:17: Warning: Defined but not used: ‘localTime’
remote:
remote: Foundation.hs:125:27: Warning: Defined but not used: ‘zone’
remote:
remote: Foundation.hs:131:17: Warning:
remote:     This binding for ‘localTime’ shadows the existing binding
remote:       bound at Foundation.hs:125:17
remote:
remote: Foundation.hs:131:17: Warning: Defined but not used: ‘localTime’
remote:
remote: Foundation.hs:131:27: Warning:
remote:     This binding for ‘zone’ shadows the existing binding
remote:       bound at Foundation.hs:125:27
remote:
remote: Foundation.hs:131:27: Warning: Defined but not used: ‘zone’
remote:
remote: Foundation.hs:139:17: Warning:
remote:     This binding for ‘localTime’ shadows the existing binding
remote:       bound at Foundation.hs:131:17
remote:
remote: Foundation.hs:139:17: Warning: Defined but not used: ‘localTime’
remote:
remote: Foundation.hs:139:27: Warning:
remote:     This binding for ‘zone’ shadows the existing binding
remote:       bound at Foundation.hs:131:27
remote:
remote: Foundation.hs:139:27: Warning: Defined but not used: ‘zone’
remote:
remote: Foundation.hs:153:17: Warning:
remote:     This binding for ‘localTime’ shadows the existing binding
remote:       bound at Foundation.hs:139:17
remote:
remote: Foundation.hs:153:17: Warning: Defined but not used: ‘localTime’
remote:
remote: Foundation.hs:153:27: Warning:
remote:     This binding for ‘zone’ shadows the existing binding
remote:       bound at Foundation.hs:139:27
remote:
remote: Foundation.hs:153:27: Warning: Defined but not used: ‘zone’
remote:
remote: Foundation.hs:274:16: Warning: Defined but not used: ‘route’
remote:
remote: Foundation.hs:274:22: Warning: Defined but not used: ‘isWrite’
remote:
remote: Foundation.hs:236:7: Warning:
remote:     A do-notation statement discarded a result of type ‘Maybe Text’
remote:     Suppress this warning by saying ‘_ <- maybeUserIdent’
remote:     or by using the flag -fno-warn-unused-do-bind
remote:
remote: Foundation.hs:237:7: Warning:
remote:     A do-notation statement discarded a result of type ‘Maybe Text’
remote:     Suppress this warning by saying ‘_ <- maybeDisplayName’
remote:     or by using the flag -fno-warn-unused-do-bind
remote: [16 of 39] Compiling Import           ( Import.hs, dist/build/Import.o )
remote: [17 of 39] Compiling Handler.Common   ( Handler/Common.hs, dist/build/Handler/Common.o )
remote: [18 of 39] Compiling Handler.Home     ( Handler/Home.hs, dist/build/Handler/Home.o )
remote: [19 of 39] Compiling Handler.Comment  ( Handler/Comment.hs, dist/build/Handler/Comment.o )
remote: [20 of 39] Compiling Handler.Blog     ( Handler/Blog.hs, dist/build/Handler/Blog.o )
remote:
remote: Handler/Blog.hs:202:14: Warning: Defined but not used: ‘user’
remote: [21 of 39] Compiling Database         ( app/Database.hs, dist/build/Database.o )
remote: [22 of 39] Compiling Handler.Base     ( Handler/Base.hs, dist/build/Handler/Base.o )
remote: [23 of 39] Compiling LogicT.LogicT    ( mylogict/LogicT/LogicT.hs, dist/build/LogicT/LogicT.o )
remote:
remote: mylogict/LogicT/LogicT.hs:9:1: Warning: Tab character
remote:
remote: mylogict/LogicT/LogicT.hs:10:1: Warning: Tab character
remote:
remote: mylogict/LogicT/LogicT.hs:11:1: Warning: Tab character
remote:
remote: mylogict/LogicT/LogicT.hs:12:1: Warning: Tab character
remote:
remote: mylogict/LogicT/LogicT.hs:13:1: Warning: Tab character
remote:
remote: mylogict/LogicT/LogicT.hs:14:1: Warning: Tab character
remote:
remote: mylogict/LogicT/LogicT.hs:15:1: Warning: Tab character
remote:
remote: mylogict/LogicT/LogicT.hs:16:1: Warning: Tab character
remote:
remote: mylogict/LogicT/LogicT.hs:17:1: Warning: Tab character
remote:
remote: mylogict/LogicT/LogicT.hs:18:1: Warning: Tab character
remote:
remote: mylogict/LogicT/LogicT.hs:20:1: Warning:
remote:     The import of ‘Control.Monad’ is redundant
remote:       except perhaps to import instances from ‘Control.Monad’
remote:     To import instances alone, use: import Control.Monad()
remote:
remote: mylogict/LogicT/LogicT.hs:21:1: Warning:
remote:     The import of ‘Control.Monad.Trans’ is redundant
remote:       except perhaps to import instances from ‘Control.Monad.Trans’
remote:     To import instances alone, use: import Control.Monad.Trans()
remote:
remote: mylogict/LogicT/LogicT.hs:32:1: Warning: Tab character
remote:
remote: mylogict/LogicT/LogicT.hs:35:8: Warning:
remote:     This binding for ‘check’ shadows the existing binding
remote:       imported from ‘Import’ at mylogict/LogicT/LogicT.hs:19:1-13
remote:       (and originally defined in ‘Yesod.Form.Functions’)
remote:
remote: mylogict/LogicT/LogicT.hs:37:1: Warning: Tab character
remote:
remote: mylogict/LogicT/LogicT.hs:44:1: Warning: Tab character
remote:
remote: mylogict/LogicT/LogicT.hs:46:8: Warning:
remote:     This binding for ‘check’ shadows the existing binding
remote:       imported from ‘Import’ at mylogict/LogicT/LogicT.hs:19:1-13
remote:       (and originally defined in ‘Yesod.Form.Functions’)
remote:
remote: mylogict/LogicT/LogicT.hs:55:1: Warning: Tab character
remote:
remote: mylogict/LogicT/LogicT.hs:57:8: Warning:
remote:     This binding for ‘check’ shadows the existing binding
remote:       imported from ‘Import’ at mylogict/LogicT/LogicT.hs:19:1-13
remote:       (and originally defined in ‘Yesod.Form.Functions’)
remote:
remote: mylogict/LogicT/LogicT.hs:62:8: Warning:
remote:     This binding for ‘check’ shadows the existing binding
remote:       imported from ‘Import’ at mylogict/LogicT/LogicT.hs:19:1-13
remote:       (and originally defined in ‘Yesod.Form.Functions’)
remote:
remote: mylogict/LogicT/LogicT.hs:90:1: Warning: Tab character
remote:
remote: mylogict/LogicT/LogicT.hs:97:1: Warning: Tab character
remote:
remote: mylogict/LogicT/LogicT.hs:98:1: Warning: Tab character
remote: [24 of 39] Compiling LogicT.SRReifT   ( mylogict/LogicT/SRReifT.hs, dist/build/LogicT/SRReifT.o )
remote:
remote: mylogict/LogicT/SRReifT.hs:19:1: Warning:
remote:     The import of ‘Control.Monad’ is redundant
remote:       except perhaps to import instances from ‘Control.Monad’
remote:     To import instances alone, use: import Control.Monad()
remote:
remote: mylogict/LogicT/SRReifT.hs:20:1: Warning:
remote:     The import of ‘Control.Monad.Trans’ is redundant
remote:       except perhaps to import instances from ‘Control.Monad.Trans’
remote:     To import instances alone, use: import Control.Monad.Trans()
remote:
remote: mylogict/LogicT/SRReifT.hs:109:2: Warning:
remote:     This binding for ‘check’ shadows the existing binding
remote:       imported from ‘Import’ at mylogict/LogicT/SRReifT.hs:18:1-13
remote:       (and originally defined in ‘Yesod.Form.Functions’)
remote:
remote: mylogict/LogicT/SRReifT.hs:124:17: Warning:
remote:     This binding for ‘n’ shadows the existing binding
remote:       bound at mylogict/LogicT/SRReifT.hs:121:6
remote:
remote: mylogict/LogicT/SRReifT.hs:126:31: Warning:
remote:     Defined but not used: ‘r’
remote:
remote: mylogict/LogicT/SRReifT.hs:127:11: Warning:
remote:     This binding for ‘n’ shadows the existing binding
remote:       bound at mylogict/LogicT/SRReifT.hs:121:6
remote: [25 of 39] Compiling Handler.Portfolio ( Handler/Portfolio.hs, dist/build/Handler/Portfolio.o )
remote: [26 of 39] Compiling Control.Monad.State.UnificationExtras ( prolog-fd/unification-fd-0.10.0.1/src/Control/Monad/State/UnificationExtras.hs, dist/build/Control/Monad/State/UnificationExtras.o )
remote:
remote: prolog-fd/unification-fd-0.10.0.1/src/Control/Monad/State/UnificationExtras.hs:28:1: Warning:
remote:     The import of ‘Control.Monad’ is redundant
remote:       except perhaps to import instances from ‘Control.Monad’
remote:     To import instances alone, use: import Control.Monad()
remote:
remote: prolog-fd/unification-fd-0.10.0.1/src/Control/Monad/State/UnificationExtras.hs:29:1: Warning:
remote:     The import of ‘Control.Monad.Reader’ is redundant
remote:       except perhaps to import instances from ‘Control.Monad.Reader’
remote:     To import instances alone, use: import Control.Monad.Reader()
remote: [27 of 39] Compiling Control.Monad.MaybeK ( prolog-fd/unification-fd-0.10.0.1/src/Control/Monad/MaybeK.hs, dist/build/Control/Monad/MaybeK.o )
remote:
remote: prolog-fd/unification-fd-0.10.0.1/src/Control/Monad/MaybeK.hs:45:1: Warning:
remote:     The import of ‘Control.Applicative’ is redundant
remote:       except perhaps to import instances from ‘Control.Applicative’
remote:     To import instances alone, use: import Control.Applicative()
remote:
remote: prolog-fd/unification-fd-0.10.0.1/src/Control/Monad/MaybeK.hs:47:1: Warning:
remote:     The import of ‘Control.Applicative’ is redundant
remote:       except perhaps to import instances from ‘Control.Applicative’
remote:     To import instances alone, use: import Control.Applicative()
remote:
remote: prolog-fd/unification-fd-0.10.0.1/src/Control/Monad/MaybeK.hs:48:1: Warning:
remote:     The import of ‘Control.Monad’ is redundant
remote:       except perhaps to import instances from ‘Control.Monad’
remote:     To import instances alone, use: import Control.Monad()
remote:
remote: prolog-fd/unification-fd-0.10.0.1/src/Control/Monad/MaybeK.hs:49:1: Warning:
remote:     The import of ‘Control.Monad.Trans’ is redundant
remote:       except perhaps to import instances from ‘Control.Monad.Trans’
remote:     To import instances alone, use: import Control.Monad.Trans()
remote: [28 of 39] Compiling Control.Unification ( prolog-fd/unification-fd-0.10.0.1/src/Control/Unification.hs, dist/build/Control/Unification.o )
remote: [29 of 39] Compiling Language.Prolog2.Syntax ( prolog-fd/src/Language/Prolog2/Syntax.hs, dist/build/Language/Prolog2/Syntax.o )
remote:
remote: prolog-fd/src/Language/Prolog2/Syntax.hs:13:6: Warning:
remote:     The export item ‘Term(..)’ suggests that
remote:     ‘Term’ has (in-scope) constructors or class methods,
remote:     but it has none
remote:
remote: prolog-fd/src/Language/Prolog2/Syntax.hs:15:6: Warning:
remote:     The export item ‘Clause(..)’ suggests that
remote:     ‘Clause’ has (in-scope) constructors or class methods,
remote:     but it has none
remote:
remote: prolog-fd/src/Language/Prolog2/Syntax.hs:29:1: Warning:
remote:     Module ‘Import’ does not export ‘nil’
remote:
remote: prolog-fd/src/Language/Prolog2/Syntax.hs:31:1: Warning:
remote:     The import item ‘Typeable(..)’ suggests that
remote:     ‘Typeable’ has (in-scope) constructors or class methods,
remote:     but it has none
remote:
remote: prolog-fd/src/Language/Prolog2/Syntax.hs:31:1: Warning:
remote:     The import of ‘Typeable’ from module ‘Data.Generics’ is redundant
remote:
remote: prolog-fd/src/Language/Prolog2/Syntax.hs:37:1: Warning:
remote:     The import of ‘Control.Monad.Except’ is redundant
remote:       except perhaps to import instances from ‘Control.Monad.Except’
remote:     To import instances alone, use: import Control.Monad.Except()
remote:
remote: prolog-fd/src/Language/Prolog2/Syntax.hs:38:1: Warning:
remote:     The import of ‘Control.Applicative’ is redundant
remote:       except perhaps to import instances from ‘Control.Applicative’
remote:     To import instances alone, use: import Control.Applicative()
remote:
remote: prolog-fd/src/Language/Prolog2/Syntax.hs:39:1: Warning:
remote:     The import of ‘Data.Text’ is redundant
remote:       except perhaps to import instances from ‘Data.Text’
remote:     To import instances alone, use: import Data.Text()
remote:
remote: prolog-fd/src/Language/Prolog2/Syntax.hs:49:12: Warning:
remote:     Defined but not used: ‘f’
remote:
remote: prolog-fd/src/Language/Prolog2/Syntax.hs:71:18: Warning:
remote:     This binding for ‘f’ shadows the existing binding
remote:       bound at prolog-fd/src/Language/Prolog2/Syntax.hs:68:13
remote:
remote: prolog-fd/src/Language/Prolog2/Syntax.hs:72:18: Warning:
remote:     This binding for ‘f’ shadows the existing binding
remote:       bound at prolog-fd/src/Language/Prolog2/Syntax.hs:68:13
remote:
remote: prolog-fd/src/Language/Prolog2/Syntax.hs:73:18: Warning:
remote:     This binding for ‘f’ shadows the existing binding
remote:       bound at prolog-fd/src/Language/Prolog2/Syntax.hs:68:13
remote:
remote: prolog-fd/src/Language/Prolog2/Syntax.hs:73:18: Warning:
remote:     Defined but not used: ‘f’
remote:
remote: prolog-fd/src/Language/Prolog2/Syntax.hs:88:1: Warning:
remote:     Top-level binding with no type signature:
remote:       atom :: forall v. Text -> UTerm T v
remote:
remote: prolog-fd/src/Language/Prolog2/Syntax.hs:89:1: Warning:
remote:     Top-level binding with no type signature:
remote:       cut :: forall v. UTerm T v
remote:
remote: prolog-fd/src/Language/Prolog2/Syntax.hs:97:1: Warning:
remote:     Top-level binding with no type signature:
remote:       cons :: forall v. UTerm T v -> UTerm T v -> UTerm T v
remote:
remote: prolog-fd/src/Language/Prolog2/Syntax.hs:98:1: Warning:
remote:     Top-level binding with no type signature:
remote:       nil :: forall v. UTerm T v
remote:
remote: prolog-fd/src/Language/Prolog2/Syntax.hs:106:23: Warning:
remote:     This binding for ‘rhs’ shadows the existing binding
remote:       defined at prolog-fd/src/Language/Prolog2/Syntax.hs:80:1
remote:
remote: prolog-fd/src/Language/Prolog2/Syntax.hs:107:25: Warning:
remote:     Defined but not used: ‘fn’
remote:
remote: prolog-fd/src/Language/Prolog2/Syntax.hs:110:7: Warning:
remote:     This binding for ‘rhs’ shadows the existing binding
remote:       defined at prolog-fd/src/Language/Prolog2/Syntax.hs:80:1
remote:
remote: prolog-fd/src/Language/Prolog2/Syntax.hs:142:38: Warning:
remote:     This binding for ‘t’ shadows the existing binding
remote:       bound at prolog-fd/src/Language/Prolog2/Syntax.hs:132:17
remote:
remote: prolog-fd/src/Language/Prolog2/Syntax.hs:143:15: Warning:
remote:     This binding for ‘t’ shadows the existing binding
remote:       bound at prolog-fd/src/Language/Prolog2/Syntax.hs:132:17
remote:
remote: prolog-fd/src/Language/Prolog2/Syntax.hs:179:24: Warning:
remote:     This binding for ‘rhs’ shadows the existing binding
remote:       defined at prolog-fd/src/Language/Prolog2/Syntax.hs:80:1
remote:
remote: prolog-fd/src/Language/Prolog2/Syntax.hs:205:1: Warning:
remote:     Top-level binding with no type signature:
remote:       arguments :: forall t. [t] -> t -> t -> [t]
remote:
remote: prolog-fd/src/Language/Prolog2/Syntax.hs:209:1: Warning:
remote:     Defined but not used: ‘fib’
remote:
remote: prolog-fd/src/Language/Prolog2/Syntax.hs:52:3: Warning:
remote:     Pattern match(es) are non-exhaustive
remote:     In an equation for ‘==’:
remote:         Patterns not matched:
remote:             (UTerm (TStruct _ _)) (UVar _)
remote:             (UTerm (TStruct _ _)) (UTerm (TCut _))
remote:             (UTerm (TCut _)) (UVar _)
remote:             (UTerm (TCut _)) (UTerm (TStruct _ _))
remote:             ...
remote:
remote: prolog-fd/src/Language/Prolog2/Syntax.hs:57:3: Warning:
remote:     Pattern match(es) are non-exhaustive
remote:     In an equation for ‘zipMatch’:
remote:         Patterns not matched:
remote:             (TCut _) _
remote:             (TStruct _ _) (TCut _)
remote:
remote: prolog-fd/src/Language/Prolog2/Syntax.hs:94:1: Warning:
remote:     Pattern match(es) are non-exhaustive
remote:     In an equation for ‘foldr_pl’:
remote:         Patterns not matched:
remote:             _ _ (UVar _)
remote:             _ _ (UTerm (TCut _))
remote:             _ _ (UTerm (TStruct #x _)) with #x `notElem` ["."##, "[]"##]
remote:             _ _ (UTerm (TStruct "."## []))
remote:             ...
remote:
remote: prolog-fd/src/Language/Prolog2/Syntax.hs:178:4: Warning:
remote:     Pattern match(es) are non-exhaustive
remote:     In an equation for ‘show’: Patterns not matched: UClauseFn _ _
remote: [30 of 39] Compiling Inquire          ( app/Inquire.hs, dist/build/Inquire.o )
remote: [31 of 39] Compiling Language.Prolog2.Database ( prolog-fd/src/Language/Prolog2/Database.hs, dist/build/Language/Prolog2/Database.o )
remote:
remote: prolog-fd/src/Language/Prolog2/Database.hs:14:1: Warning:
remote:     The import of ‘Data.Map’ is redundant
remote:       except perhaps to import instances from ‘Data.Map’
remote:     To import instances alone, use: import Data.Map()
remote:
remote: prolog-fd/src/Language/Prolog2/Database.hs:16:1: Warning:
remote:     The import of ‘Data.Text’ is redundant
remote:       except perhaps to import instances from ‘Data.Text’
remote:     To import instances alone, use: import Data.Text()
remote:
remote: prolog-fd/src/Language/Prolog2/Database.hs:20:1: Warning:
remote:     The import of ‘Control.Unification.IntVar’ is redundant
remote:       except perhaps to import instances from ‘Control.Unification.IntVar’
remote:     To import instances alone, use: import Control.Unification.IntVar()
remote:
remote: prolog-fd/src/Language/Prolog2/Database.hs:34:1: Warning:
remote:     Top-level binding with no type signature:
remote:       hasPredicate :: Signature -> Database -> Bool
remote:
remote: prolog-fd/src/Language/Prolog2/Database.hs:34:22: Warning:
remote:     This binding for ‘index’ shadows the existing binding
remote:       imported from ‘Import’ at prolog-fd/src/Language/Prolog2/Database.hs:13:1-13
remote:       (and originally defined in ‘Data.Sequences’)
remote:
remote: prolog-fd/src/Language/Prolog2/Database.hs:36:1: Warning:
remote:     Top-level binding with no type signature:
remote:       createDB :: forall c.
remote:                   (MonoFoldable c, Element c ~ UClause Term) =>
remote:                   c -> [Text] -> Database
remote:
remote: prolog-fd/src/Language/Prolog2/Database.hs:42:21: Warning:
remote:     This binding for ‘index’ shadows the existing binding
remote:       imported from ‘Import’ at prolog-fd/src/Language/Prolog2/Database.hs:13:1-13
remote:       (and originally defined in ‘Data.Sequences’)
remote:
remote: prolog-fd/src/Language/Prolog2/Database.hs:30:1: Warning:
remote:     Pattern match(es) are non-exhaustive
remote:     In an equation for ‘signature’:
remote:         Patterns not matched:
remote:             UVar _
remote:             UTerm (TCut _)
remote: [32 of 39] Compiling Language.Prolog2.Interpreter ( prolog-fd/src/Language/Prolog2/Interpreter.hs, dist/build/Language/Prolog2/Interpreter.o )
remote:
remote: prolog-fd/src/Language/Prolog2/Interpreter.hs:101:18:
remote:     Could not deduce (Applicative m)
remote:       arising from a use of ‘getFreeVars’
remote:     from the context (Monad m)
remote:       bound by the type signature for
remote:                  builtins :: Monad m => PrologT m [Clause]
remote:       at prolog-fd/src/Language/Prolog2/Interpreter.hs:99:13-41
remote:     Possible fix:
remote:       add (Applicative m) to the context of
remote:         the type signature for builtins :: Monad m => PrologT m [Clause]
remote:     In a stmt of a 'do' block: [x, x', x''] <- getFreeVars 3
remote:     In the expression:
remote:       do { [x, x', x''] <- getFreeVars 3;
remote:            [a, b, c, d, e] <- getFreeVars 5;
remote:            [x0, x1, x2, x3, x4, x5] <- getFreeVars 6;
remote:            [y0, y1, y2, y3, y4, y5] <- getFreeVars 6;
remote:            .... }
remote:     In an equation for ‘builtins’:
remote:         builtins
remote:           = do { [x, x', x''] <- getFreeVars 3;
remote:                  [a, b, c, d, e] <- getFreeVars 5;
remote:                  [x0, x1, x2, x3, x4, x5] <- getFreeVars 6;
remote:                  .... }
remote:           where
remote:               binaryIntegerPredicate ::
remote:                 (Integer -> Integer -> Bool) -> ([Term] -> [Goal])
remote:               binaryIntegerPredicate p [eval -> Just n, eval -> Just m]
remote:                 | n `p` m = []
remote:               binaryIntegerPredicate p _ = [UTerm $ TStruct "false" ...]
remote:               is [t, eval -> Just n] = [UTerm (TStruct "=" ...)]
remote:               is _ = [UTerm (TStruct "false" ...)]
remote:               eval :: Term -> Maybe Integer
remote:               ....
remote:
remote: prolog-fd/src/Language/Prolog2/Interpreter.hs:153:44:
remote:     Could not deduce (Applicative m)
remote:       arising from a use of ‘applyBindings’
remote:     from the context (Monad m)
remote:       bound by the type signature for
remote:                  f :: Monad m => [Term] -> IntBindingState T -> PrologT m [Term]
remote:       at prolog-fd/src/Language/Prolog2/Interpreter.hs:151:12-69
remote:     Possible fix:
remote:       add (Applicative m) to the context of
remote:         the type signature for
remote:           f :: Monad m => [Term] -> IntBindingState T -> PrologT m [Term]
remote:     In the first argument of ‘Control.Monad.Except.mapM’, namely
remote:       ‘applyBindings’
remote:     In the second argument of ‘($)’, namely
remote:       ‘Control.Monad.Except.mapM applyBindings vs’
remote:     In a stmt of a 'do' block:
remote:       PrologT $ Control.Monad.Except.mapM applyBindings vs
remote:
remote: prolog-fd/src/Language/Prolog2/Interpreter.hs:206:38:
remote:     Could not deduce (Applicative m)
remote:       arising from a use of ‘applyBindings’
remote:     from the context (Monad m)
remote:       bound by the type signature for
remote:                  getBranches :: Monad m =>
remote:                                 IntBindingState T
remote:                                 -> Goal -> [Goal] -> PrologDatabaseMonad m [Branch]
remote:       at prolog-fd/src/Language/Prolog2/Interpreter.hs:204:23-102
remote:     Possible fix:
remote:       add (Applicative m) to the context of
remote:         the type signature for
remote:           getBranches :: Monad m =>
remote:                          IntBindingState T
remote:                          -> Goal -> [Goal] -> PrologDatabaseMonad m [Branch]
remote:     In the second argument of ‘($)’, namely ‘applyBindings (UVar n)’
remote:     In the second argument of ‘($)’, namely
remote:       ‘PrologT $ applyBindings (UVar n)’
remote:     In a stmt of a 'do' block:
remote:       nextGoal <- lift $ PrologT $ applyBindings (UVar n)
remote:
remote: prolog-fd/src/Language/Prolog2/Interpreter.hs:228:32:
remote:     Could not deduce (Functor m1) arising from a use of ‘<$>’
remote:     from the context (Monad m)
remote:       bound by the type signature for
remote:                  getBranches :: Monad m =>
remote:                                 IntBindingState T
remote:                                 -> Goal -> [Goal] -> PrologDatabaseMonad m [Branch]
remote:       at prolog-fd/src/Language/Prolog2/Interpreter.hs:204:23-102
remote:     or from (Monad m1)
remote:       bound by the type signature for
remote:                  unifyM :: Monad m1 => Clause -> PrologT m1 [Branch]
remote:       at prolog-fd/src/Language/Prolog2/Interpreter.hs:222:23-61
remote:     Possible fix:
remote:       add (Functor m1) to the context of
remote:         the type signature for
remote:           unifyM :: Monad m1 => Clause -> PrologT m1 [Branch]
remote:         or the type signature for
remote:              getBranches :: Monad m =>
remote:                             IntBindingState T
remote:                             -> Goal -> [Goal] -> PrologDatabaseMonad m [Branch]
remote:     In the first argument of ‘catchError’, namely
remote:       ‘(Just <$> PrologT (unify nextGoal (lhs clause)))’
remote:     In a stmt of a 'do' block:
remote:       unified <- (Just <$> PrologT (unify nextGoal (lhs clause)))
remote:                  `catchError` (\ e -> return Nothing)
remote:     In the expression:
remote:       do { put usf;
remote:            unified <- (Just <$> PrologT (unify nextGoal (lhs clause)))
remote:                       `catchError` (\ e -> return Nothing);
remote:            case unified of {
remote:              Nothing -> do { ... }
remote:              Just u -> do { ... } } }
remote:
remote: prolog-fd/src/Language/Prolog2/Interpreter.hs:228:45:
remote:     Could not deduce (Applicative m1) arising from a use of ‘unify’
remote:     from the context (Monad m)
remote:       bound by the type signature for
remote:                  getBranches :: Monad m =>
remote:                                 IntBindingState T
remote:                                 -> Goal -> [Goal] -> PrologDatabaseMonad m [Branch]
remote:       at prolog-fd/src/Language/Prolog2/Interpreter.hs:204:23-102
remote:     or from (Monad m1)
remote:       bound by the type signature for
remote:                  unifyM :: Monad m1 => Clause -> PrologT m1 [Branch]
remote:       at prolog-fd/src/Language/Prolog2/Interpreter.hs:222:23-61
remote:     Possible fix:
remote:       add (Applicative m1) to the context of
remote:         the type signature for
remote:           unifyM :: Monad m1 => Clause -> PrologT m1 [Branch]
remote:         or the type signature for
remote:              getBranches :: Monad m =>
remote:                             IntBindingState T
remote:                             -> Goal -> [Goal] -> PrologDatabaseMonad m [Branch]
remote:     In the first argument of ‘PrologT’, namely
remote:       ‘(unify nextGoal (lhs clause))’
remote:     In the second argument of ‘(<$>)’, namely
remote:       ‘PrologT (unify nextGoal (lhs clause))’
remote:     In the first argument of ‘catchError’, namely
remote:       ‘(Just <$> PrologT (unify nextGoal (lhs clause)))’
remote:
remote: prolog-fd/src/Language/Prolog2/Interpreter.hs:273:40:
remote:     Could not deduce (Applicative m) arising from a use of ‘freshenAll’
remote:     from the context (Monad m)
remote:       bound by the type signature for
remote:                  freshenClauses :: Monad m => [Clause] -> PrologT m [Clause]
remote:       at prolog-fd/src/Language/Prolog2/Interpreter.hs:271:19-59
remote:     Possible fix:
remote:       add (Applicative m) to the context of
remote:         the type signature for
remote:           freshenClauses :: Monad m => [Clause] -> PrologT m [Clause]
remote:     In the second argument of ‘($)’, namely
remote:       ‘freshenAll (UClauseList clauses)’
remote:     In a stmt of a 'do' block:
remote:       (UClauseList freshened) <- PrologT
remote:                                  $ freshenAll (UClauseList clauses)
remote:     In the expression:
remote:       do { (UClauseList freshened) <- PrologT
remote:                                       $ freshenAll (UClauseList clauses);
remote:            return freshened }
remote:
remote: prolog-fd/src/Language/Prolog2/Interpreter.hs:277:41:
remote:     Could not deduce (Functor m) arising from a use of ‘<$>’
remote:     from the context (Monad m)
remote:       bound by the type signature for
remote:                  countFreeVars :: Monad m => Program -> PrologT m Int
remote:       at prolog-fd/src/Language/Prolog2/Interpreter.hs:276:18-52
remote:     Possible fix:
remote:       add (Functor m) to the context of
remote:         the type signature for
remote:           countFreeVars :: Monad m => Program -> PrologT m Int
remote:     In the expression:
remote:       Prelude.maximum <$> (Control.Monad.Except.mapM count program)
remote:     In an equation for ‘countFreeVars’:
remote:         countFreeVars program
remote:           = Prelude.maximum <$> (Control.Monad.Except.mapM count program)
remote:           where
remote:               count :: Monad m => Clause -> PrologT m Int
remote:               count (UClause lhs rhs)
remote:                 = length <$> (PrologT $ lift $ getFreeVarsAll rhs)
remote:               count (UClauseFn lhs fn) = return 2
remote:
remote: prolog-fd/src/Language/Prolog2/Interpreter.hs:280:40:
remote:     Could not deduce (Functor m1) arising from a use of ‘<$>’
remote:     from the context (Monad m)
remote:       bound by the type signature for
remote:                  countFreeVars :: Monad m => Program -> PrologT m Int
remote:       at prolog-fd/src/Language/Prolog2/Interpreter.hs:276:18-52
remote:     or from (Monad m1)
remote:       bound by the type signature for
remote:                  count :: Monad m1 => Clause -> PrologT m1 Int
remote:       at prolog-fd/src/Language/Prolog2/Interpreter.hs:279:14-47
remote:     Possible fix:
remote:       add (Functor m1) to the context of
remote:         the type signature for
remote:           count :: Monad m1 => Clause -> PrologT m1 Int
remote:         or the type signature for
remote:              countFreeVars :: Monad m => Program -> PrologT m Int
remote:     In the expression: length <$> (PrologT $ lift $ getFreeVarsAll rhs)
remote:     In an equation for ‘count’:
remote:         count (UClause lhs rhs)
remote:           = length <$> (PrologT $ lift $ getFreeVarsAll rhs)
remote:     In an equation for ‘countFreeVars’:
remote:         countFreeVars program
remote:           = Prelude.maximum <$> (Control.Monad.Except.mapM count program)
remote:           where
remote:               count :: Monad m => Clause -> PrologT m Int
remote:               count (UClause lhs rhs)
remote:                 = length <$> (PrologT $ lift $ getFreeVarsAll rhs)
remote:               count (UClauseFn lhs fn) = return 2
remote:
remote: prolog-fd/src/Language/Prolog2/Interpreter.hs:280:62:
remote:     Could not deduce (Applicative m1)
remote:       arising from a use of ‘getFreeVarsAll’
remote:     from the context (Monad m)
remote:       bound by the type signature for
remote:                  countFreeVars :: Monad m => Program -> PrologT m Int
remote:       at prolog-fd/src/Language/Prolog2/Interpreter.hs:276:18-52
remote:     or from (Monad m1)
remote:       bound by the type signature for
remote:                  count :: Monad m1 => Clause -> PrologT m1 Int
remote:       at prolog-fd/src/Language/Prolog2/Interpreter.hs:279:14-47
remote:     Possible fix:
remote:       add (Applicative m1) to the context of
remote:         the type signature for
remote:           count :: Monad m1 => Clause -> PrologT m1 Int
remote:         or the type signature for
remote:              countFreeVars :: Monad m => Program -> PrologT m Int
remote:     In the second argument of ‘($)’, namely ‘getFreeVarsAll rhs’
remote:     In the second argument of ‘($)’, namely ‘lift $ getFreeVarsAll rhs’
remote:     In the second argument of ‘(<$>)’, namely
remote:       ‘(PrologT $ lift $ getFreeVarsAll rhs)’
remote: [37 of 39] Compiling Control.Unification.Ranked ( prolog-fd/unification-fd-0.10.0.1/src/Control/Unification/Ranked.hs, dist/build/Control/Unification/Ranked.o )
remote: [38 of 39] Compiling Control.Monad.EitherK ( prolog-fd/unification-fd-0.10.0.1/src/Control/Monad/EitherK.hs, dist/build/Control/Monad/EitherK.o )
remote:
remote: prolog-fd/unification-fd-0.10.0.1/src/Control/Monad/EitherK.hs:46:1: Warning:
remote:     The import of ‘Data.Monoid’ is redundant
remote:       except perhaps to import instances from ‘Data.Monoid’
remote:     To import instances alone, use: import Data.Monoid()
remote:
remote: prolog-fd/unification-fd-0.10.0.1/src/Control/Monad/EitherK.hs:47:1: Warning:
remote:     The import of ‘Control.Applicative’ is redundant
remote:       except perhaps to import instances from ‘Control.Applicative’
remote:     To import instances alone, use: import Control.Applicative()
remote:
remote: prolog-fd/unification-fd-0.10.0.1/src/Control/Monad/EitherK.hs:49:1: Warning:
remote:     The import of ‘Control.Applicative’ is redundant
remote:       except perhaps to import instances from ‘Control.Applicative’
remote:     To import instances alone, use: import Control.Applicative()
remote:
remote: prolog-fd/unification-fd-0.10.0.1/src/Control/Monad/EitherK.hs:50:1: Warning:
remote:     The import of ‘Control.Monad’ is redundant
remote:       except perhaps to import instances from ‘Control.Monad’
remote:     To import instances alone, use: import Control.Monad()
remote:
remote: prolog-fd/unification-fd-0.10.0.1/src/Control/Monad/EitherK.hs:51:1: Warning:
remote:     The import of ‘Control.Monad.Trans’ is redundant
remote:       except perhaps to import instances from ‘Control.Monad.Trans’
remote:     To import instances alone, use: import Control.Monad.Trans()
remote:
remote:  !     Push rejected, failed to compile Haskell app
remote:
remote: Verifying deploy...
remote:
remote: !	Push rejected to floating-hamlet-74546.
remote:
To https://git.heroku.com/floating-hamlet-74546.git
 ! [remote rejected] master -> master (pre-receive hook declined)
error: failed to push some refs to 'https://git.heroku.com/floating-hamlet-74546.git'
makoto@T3400:~/work/webapp-heroku/logiku 111G [12169] 09:46 1264s :( 1

